
> agrotech-platform@0.1.0 build
> next build

⚠ `eslint` configuration in next.config.ts is no longer supported. See more info here: https://nextjs.org/docs/app/api-reference/cli/next#next-lint-options
⚠ Invalid next.config.ts options detected: 
⚠     Unrecognized key(s) in object: 'eslint'
⚠ See more info here: https://nextjs.org/docs/messages/invalid-next-config
⚠ Warning: Next.js inferred your workspace root, but it may not be correct.
 We detected multiple lockfiles and selected the directory of C:\Users\vanmu\package-lock.json as the root directory.
 To silence this warning, set `turbopack.root` in your Next.js config, or consider removing one of the lockfiles if it's not needed.
   See https://nextjs.org/docs/app/api-reference/config/next-config-js/turbopack#root-directory for more information.
 Detected additional lockfiles: 
   * C:\Users\vanmu\OneDrive\Desktop\agrotech resiliance\package-lock.json

▲ Next.js 16.1.6 (Turbopack)

  Creating an optimized production build ...
Error: Cannot apply unknown utility class `border-border`. Are you using CSS modules or similar and missing `@reference`? https://tailwindcss.com/docs/functions-and-directives#reference-directive
    [2m[at onInvalidCandidate (C:\Users\vanmu\OneDrive\Desktop\agrotech resiliance\node_modules\tailwindcss\dist\lib.js:21:1314)][0m
    [2m[at Te (C:\Users\vanmu\OneDrive\Desktop\agrotech resiliance\node_modules\tailwindcss\dist\lib.js:16:36652)][0m
    [2m[at C:\Users\vanmu\OneDrive\Desktop\agrotech resiliance\node_modules\tailwindcss\dist\lib.js:21:355][0m
    [2m[at Rr (C:\Users\vanmu\OneDrive\Desktop\agrotech resiliance\node_modules\tailwindcss\dist\lib.js:3:1718)][0m
    [2m[at _ (C:\Users\vanmu\OneDrive\Desktop\agrotech resiliance\node_modules\tailwindcss\dist\lib.js:3:1377)][0m
    [2m[at $e (C:\Users\vanmu\OneDrive\Desktop\agrotech resiliance\node_modules\tailwindcss\dist\lib.js:21:172)][0m
    [2m[at un (C:\Users\vanmu\OneDrive\Desktop\agrotech resiliance\node_modules\tailwindcss\dist\lib.js:38:294)][0m
    [2m[at process.processTicksAndRejections (node:internal/process/task_queues:103:5)][0m
    [2m[at async cn (C:\Users\vanmu\OneDrive\Desktop\agrotech resiliance\node_modules\tailwindcss\dist\lib.js:38:631)][0m
    [2m[at async Xr (C:\Users\vanmu\OneDrive\Desktop\agrotech resiliance\node_modules\@tailwindcss\node\dist\index.js:10:3417)][0m

> Build error occurred
Error: Turbopack build failed with 1 errors:
./OneDrive/Desktop/agrotech resiliance/src/app/globals.css
Error evaluating Node.js code
CssSyntaxError: tailwindcss: C:\Users\vanmu\OneDrive\Desktop\agrotech resiliance\src\app\globals.css:1:1: Cannot apply unknown utility class `border-border`. Are you using CSS modules or similar and missing `@reference`? https://tailwindcss.com/docs/functions-and-directives#reference-directive
    at Input.error (OneDrive/Desktop/agrotech resiliance/node_modules/postcss/lib/input.js:135:16) [C:\Users\vanmu\OneDrive\Desktop\agrotech resiliance\.next\build\chunks\fdbc1_15e912dc._.js:4651:22]
    at Root.error (OneDrive/Desktop/agrotech resiliance/node_modules/postcss/lib/node.js:146:32) [C:\Users\vanmu\OneDrive\Desktop\agrotech resiliance\.next\build\chunks\fdbc1_15e912dc._.js:928:38]
    [at Object.Once (C:\Users\vanmu\OneDrive\Desktop\agrotech resiliance\node_modules\@tailwindcss\postcss\dist\index.js:10:6911)]
    [at process.processTicksAndRejections (node:internal/process/task_queues:103:5)]
    at async LazyResult.runAsync (OneDrive/Desktop/agrotech resiliance/node_modules/postcss/lib/lazy-result.js:293:11) [C:\Users\vanmu\OneDrive\Desktop\agrotech resiliance\.next\build\chunks\fdbc1_15e912dc._.js:6206:21]
    at async transform (turbopack:///[turbopack-node]/transforms/postcss.ts:70:34) [C:\Users\vanmu\OneDrive\Desktop\agrotech resiliance\.next\build\chunks\[root-of-the-server]__735f6969._.js:146:36]
    at async run (turbopack:///[turbopack-node]/ipc/evaluate.ts:92:23) [C:\Users\vanmu\OneDrive\Desktop\agrotech resiliance\.next\build\chunks\[root-of-the-server]__4c7b5098._.js:443:31]

Import trace:
  Client Component Browser:
    ./OneDrive/Desktop/agrotech resiliance/src/app/globals.css [Client Component Browser]
    ./OneDrive/Desktop/agrotech resiliance/src/app/layout.tsx [Server Component]


    at async transform (turbopack:///[turbopack-node]/transforms/postcss.ts:70:34) [C:\Users\vanmu\OneDrive\Desktop\agrotech resiliance\.next\build\chunks\[root-of-the-server]__735f6969._.js:146:36])
    at async run (turbopack:///[turbopack-node]/ipc/evaluate.ts:92:23) [C:\Users\vanmu\OneDrive\Desktop\agrotech resiliance\.next\build\chunks\[root-of-the-server]__4c7b5098._.js:443:31])
